<?xml version="1.0" encoding="UTF-8"?>
<!-- Generated by org.testng.reporters.JUnitXMLReporter -->
<testsuite ignored="0" hostname="AGTWINLAP101" failures="0" tests="5" name="edgetest" time="47.057" errors="0" timestamp="2024-03-26T07:15:17 IST">
  <testcase classname="testCases.TC_001_AccountRegistrationTest" name="verify_account_registration" time="0.0">
    <skipped/>
  </testcase> <!-- verify_account_registration -->
  <testcase classname="testCases.TC_002_LoginTest" name="verify_login" time="0.0">
    <skipped/>
  </testcase> <!-- verify_login -->
  <testcase classname="testCases.TC_004_SearchProductTest" name="verify_pruductSearch" time="0.0">
    <skipped/>
  </testcase> <!-- verify_pruductSearch -->
  <testcase classname="testCases.TC_005_AddToCartPageTest" name="verify_addToCart" time="0.0">
    <skipped/>
  </testcase> <!-- verify_addToCart -->
  <testcase classname="testCases.TC_006_EndToEndTest" name="endToendTest" time="0.0">
    <skipped/>
  </testcase> <!-- endToendTest -->
</testsuite> <!-- edgetest -->
