<?xml version="1.0" encoding="UTF-8"?>
<!-- Generated by org.testng.reporters.JUnitXMLReporter -->
<testsuite ignored="0" hostname="PAVAN09FA" failures="0" tests="5" name="Test" time="62.694" errors="0" timestamp="2023-12-05T12:08:56 IST">
  <testcase classname="testCases.TC_001_AccountRegistrationTest" name="verify_account_registration" time="4.335"/>
  <testcase classname="testCases.TC_002_LoginTest" name="verify_login" time="1.627"/>
  <testcase classname="testCases.TC_004_SearchProductTest" name="verify_pruductSearch" time="1.244"/>
  <testcase classname="testCases.TC_005_AddToCartPageTest" name="verify_addToCart" time="2.009"/>
  <testcase classname="testCases.TC_006_EndToEndTest" name="endToendTest" time="41.326"/>
</testsuite> <!-- Test -->
